[[1;34mINFO[m] Scanning for projects...
[[1;34mINFO[m] 
[[1;34mINFO[m] [1m---< [0;36mcom.github.sergiooliveirabr:compilation-readiness-springboot4[0;1m >----[m
[[1;34mINFO[m] [1mBuilding compilation-readiness-springboot4 0.0.1-SNAPSHOT[m
[[1;34mINFO[m] [1m--------------------------------[ jar ]---------------------------------[m
[[1;34mINFO[m] 
[[1;34mINFO[m] [1m>>> [0;32mnative-maven-plugin:0.10.6:compile[m [1m(default-cli)[0;1m > [0;1mpackage[m @ [36mcompilation-readiness-springboot4[0;1m >>>[m
[[1;34mINFO[m] 
[[1;34mINFO[m] [1m--- [0;32mnative-maven-plugin:0.10.6:add-reachability-metadata[m [1m(add-reachability-metadata)[m @ [36mcompilation-readiness-springboot4[0;1m ---[m
[[1;34mINFO[m] [graalvm reachability metadata repository for ch.qos.logback:logback-classic:1.5.20]: Configuration directory not found. Trying latest version.
[[1;34mINFO[m] [graalvm reachability metadata repository for ch.qos.logback:logback-classic:1.5.20]: Configuration directory is ch.qos.logback/logback-classic/1.4.9
[[1;34mINFO[m] [graalvm reachability metadata repository for com.fasterxml.jackson.core:jackson-databind:2.19.2]: Configuration directory not found. Trying latest version.
[[1;34mINFO[m] [graalvm reachability metadata repository for com.fasterxml.jackson.core:jackson-databind:2.19.2]: Configuration directory is com.fasterxml.jackson.core/jackson-databind/2.15.2
[[1;34mINFO[m] [graalvm reachability metadata repository for org.apache.tomcat.embed:tomcat-embed-core:10.1.48]: Configuration directory not found. Trying latest version.
[[1;34mINFO[m] [graalvm reachability metadata repository for org.apache.tomcat.embed:tomcat-embed-core:10.1.48]: Configuration directory is org.apache.tomcat.embed/tomcat-embed-core/10.0.20
[[1;34mINFO[m] [graalvm reachability metadata repository for com.zaxxer:HikariCP:6.3.3]: Configuration directory not found. Trying latest version.
[[1;34mINFO[m] [graalvm reachability metadata repository for com.zaxxer:HikariCP:6.3.3]: Configuration directory is com.zaxxer/HikariCP/5.0.1
[[1;34mINFO[m] [graalvm reachability metadata repository for org.hibernate.orm:hibernate-core:6.6.33.Final]: Configuration directory not found. Trying latest version.
[[1;34mINFO[m] [graalvm reachability metadata repository for org.hibernate.orm:hibernate-core:6.6.33.Final]: Configuration directory is org.hibernate.orm/hibernate-core/6.6.0.Final
[[1;34mINFO[m] [graalvm reachability metadata repository for org.jboss.logging:jboss-logging:3.6.1.Final]: Configuration directory not found. Trying latest version.
[[1;34mINFO[m] [graalvm reachability metadata repository for org.jboss.logging:jboss-logging:3.6.1.Final]: Configuration directory is org.jboss.logging/jboss-logging/3.5.0.Final
[[1;34mINFO[m] [graalvm reachability metadata repository for org.glassfish.jaxb:jaxb-runtime:4.0.6]: Configuration directory not found. Trying latest version.
[[1;34mINFO[m] [graalvm reachability metadata repository for org.glassfish.jaxb:jaxb-runtime:4.0.6]: Configuration directory is org.glassfish.jaxb/jaxb-runtime/3.0.2
[[1;34mINFO[m] [graalvm reachability metadata repository for org.hibernate.validator:hibernate-validator:8.0.3.Final]: Configuration directory not found. Trying latest version.
[[1;34mINFO[m] [graalvm reachability metadata repository for org.hibernate.validator:hibernate-validator:8.0.3.Final]: Latest version not found!
[[1;34mINFO[m] [graalvm reachability metadata repository for org.hibernate.validator:hibernate-validator:8.0.3.Final]: missing.
[[1;34mINFO[m] [graalvm reachability metadata repository for org.hibernate.validator:hibernate-validator:8.0.3.Final]: Configuration directory not found. Trying latest version.
[[1;34mINFO[m] [graalvm reachability metadata repository for org.hibernate.validator:hibernate-validator:8.0.3.Final]: Configuration directory is org.hibernate.validator/hibernate-validator/7.0.4.Final
[[1;34mINFO[m] [graalvm reachability metadata repository for com.h2database:h2:2.3.232]: Configuration directory not found. Trying latest version.
[[1;34mINFO[m] [graalvm reachability metadata repository for com.h2database:h2:2.3.232]: Configuration directory is com.h2database/h2/2.1.210
[[1;34mINFO[m] 
[[1;34mINFO[m] [1m--- [0;32mmaven-resources-plugin:3.3.1:resources[m [1m(default-resources)[m @ [36mcompilation-readiness-springboot4[0;1m ---[m
[[1;34mINFO[m] Copying 1 resource from src/main/resources to target/classes
[[1;34mINFO[m] Copying 0 resource from src/main/resources to target/classes
[[1;34mINFO[m] 
[[1;34mINFO[m] [1m--- [0;32mmaven-compiler-plugin:3.14.1:compile[m [1m(default-compile)[m @ [36mcompilation-readiness-springboot4[0;1m ---[m
[[1;34mINFO[m] Nothing to compile - all classes are up to date.
[[1;34mINFO[m] 
[[1;34mINFO[m] [1m--- [0;32mmaven-resources-plugin:3.3.1:testResources[m [1m(default-testResources)[m @ [36mcompilation-readiness-springboot4[0;1m ---[m
[[1;34mINFO[m] skip non existing resourceDirectory /home/ubuntu/compilation-readiness-springboot4/src/test/resources
[[1;34mINFO[m] 
[[1;34mINFO[m] [1m--- [0;32mmaven-compiler-plugin:3.14.1:testCompile[m [1m(default-testCompile)[m @ [36mcompilation-readiness-springboot4[0;1m ---[m
[[1;34mINFO[m] Nothing to compile - all classes are up to date.
[[1;34mINFO[m] 
[[1;34mINFO[m] [1m--- [0;32mmaven-surefire-plugin:3.5.4:test[m [1m(default-test)[m @ [36mcompilation-readiness-springboot4[0;1m ---[m
[[1;34mINFO[m] Using auto detected provider org.apache.maven.surefire.junitplatform.JUnitPlatformProvider
[[1;34mINFO[m] 
[[1;34mINFO[m] -------------------------------------------------------
[[1;34mINFO[m]  T E S T S
[[1;34mINFO[m] -------------------------------------------------------
[[1;34mINFO[m] Running com.github.sergiooliveirabr.compilationreadinessspringboot4.[1mCompilationReadinessSpringboot4ApplicationTests[m
22:14:40.239 [main] INFO org.springframework.test.context.support.AnnotationConfigContextLoaderUtils -- Could not detect default configuration classes for test class [com.github.sergiooliveirabr.compilationreadinessspringboot4.CompilationReadinessSpringboot4ApplicationTests]: CompilationReadinessSpringboot4ApplicationTests does not declare any static, non-private, non-final, nested classes annotated with @Configuration.
22:14:40.378 [main] INFO org.springframework.boot.test.context.SpringBootTestContextBootstrapper -- Found @SpringBootConfiguration com.github.sergiooliveirabr.compilationreadinessspringboot4.CompilationReadinessSpringboot4Application for test class com.github.sergiooliveirabr.compilationreadinessspringboot4.CompilationReadinessSpringboot4ApplicationTests

  .   ____          _            __ _ _
 /\\ / ___'_ __ _ _(_)_ __  __ _ \ \ \ \
( ( )\___ | '_ | '_| | '_ \/ _` | \ \ \ \
 \\/  ___)| |_)| | | | | || (_| |  ) ) ) )
  '  |____| .__|_| |_|_| |_\__, | / / / /
 =========|_|==============|___/=/_/_/_/

 :: Spring Boot ::                (v3.5.7)

2026-07-22T22:14:40.888Z  INFO 20555 --- [compilation-readiness-springboot4] [           main] tionReadinessSpringboot4ApplicationTests : Starting CompilationReadinessSpringboot4ApplicationTests using Java 21.0.11 with PID 20555 (started by ubuntu in /home/ubuntu/compilation-readiness-springboot4)
2026-07-22T22:14:40.890Z  INFO 20555 --- [compilation-readiness-springboot4] [           main] tionReadinessSpringboot4ApplicationTests : No active profile set, falling back to 1 default profile: "default"
2026-07-22T22:14:41.748Z  INFO 20555 --- [compilation-readiness-springboot4] [           main] .s.d.r.c.RepositoryConfigurationDelegate : Bootstrapping Spring Data JPA repositories in DEFAULT mode.
2026-07-22T22:14:41.774Z  INFO 20555 --- [compilation-readiness-springboot4] [           main] .s.d.r.c.RepositoryConfigurationDelegate : Finished Spring Data repository scanning in 15 ms. Found 0 JPA repository interfaces.
2026-07-22T22:14:42.204Z  INFO 20555 --- [compilation-readiness-springboot4] [           main] com.zaxxer.hikari.HikariDataSource       : HikariPool-1 - Starting...
2026-07-22T22:14:42.450Z  INFO 20555 --- [compilation-readiness-springboot4] [           main] com.zaxxer.hikari.pool.HikariPool        : HikariPool-1 - Added connection conn0: url=jdbc:h2:mem:1f1d9435-aea6-48c0-828a-3325e92723cc user=SA
2026-07-22T22:14:42.454Z  INFO 20555 --- [compilation-readiness-springboot4] [           main] com.zaxxer.hikari.HikariDataSource       : HikariPool-1 - Start completed.
2026-07-22T22:14:42.510Z  INFO 20555 --- [compilation-readiness-springboot4] [           main] o.hibernate.jpa.internal.util.LogHelper  : HHH000204: Processing PersistenceUnitInfo [name: default]
2026-07-22T22:14:42.562Z  INFO 20555 --- [compilation-readiness-springboot4] [           main] org.hibernate.Version                    : HHH000412: Hibernate ORM core version 6.6.33.Final
2026-07-22T22:14:42.601Z  INFO 20555 --- [compilation-readiness-springboot4] [           main] o.h.c.internal.RegionFactoryInitiator    : HHH000026: Second-level cache disabled
2026-07-22T22:14:42.922Z  INFO 20555 --- [compilation-readiness-springboot4] [           main] o.s.o.j.p.SpringPersistenceUnitInfo      : No LoadTimeWeaver setup: ignoring JPA class transformer
2026-07-22T22:14:43.010Z  INFO 20555 --- [compilation-readiness-springboot4] [           main] org.hibernate.orm.connections.pooling    : HHH10001005: Database info:
	Database JDBC URL [Connecting through datasource 'HikariDataSource (HikariPool-1)']
	Database driver: undefined/unknown
	Database version: 2.3.232
	Autocommit mode: undefined/unknown
	Isolation level: undefined/unknown
	Minimum pool size: undefined/unknown
	Maximum pool size: undefined/unknown
2026-07-22T22:14:43.371Z  INFO 20555 --- [compilation-readiness-springboot4] [           main] o.h.e.t.j.p.i.JtaPlatformInitiator       : HHH000489: No JTA platform available (set 'hibernate.transaction.jta.platform' to enable JTA platform integration)
2026-07-22T22:14:43.376Z  INFO 20555 --- [compilation-readiness-springboot4] [           main] j.LocalContainerEntityManagerFactoryBean : Initialized JPA EntityManagerFactory for persistence unit 'default'
2026-07-22T22:14:43.539Z  WARN 20555 --- [compilation-readiness-springboot4] [           main] JpaBaseConfiguration$JpaWebConfiguration : spring.jpa.open-in-view is enabled by default. Therefore, database queries may be performed during view rendering. Explicitly configure spring.jpa.open-in-view to disable this warning
2026-07-22T22:14:44.040Z  INFO 20555 --- [compilation-readiness-springboot4] [           main] tionReadinessSpringboot4ApplicationTests : Started CompilationReadinessSpringboot4ApplicationTests in 3.496 seconds (process running for 4.646)
Mockito is currently self-attaching to enable the inline-mock-maker. This will no longer work in future releases of the JDK. Please add Mockito as an agent to your build as described in Mockito's documentation: https://javadoc.io/doc/org.mockito/mockito-core/latest/org.mockito/org/mockito/Mockito.html#0.3
Java HotSpot(TM) 64-Bit Server VM warning: Sharing is only supported for boot loader classes because bootstrap classpath has been appended
WARNING: A Java agent has been loaded dynamically (/home/ubuntu/.m2/repository/net/bytebuddy/byte-buddy-agent/1.17.8/byte-buddy-agent-1.17.8.jar)
WARNING: If a serviceability tool is in use, please run with -XX:+EnableDynamicAgentLoading to hide this warning
WARNING: If a serviceability tool is not in use, please run with -Djdk.instrument.traceUsage for more information
WARNING: Dynamic loading of agents will be disallowed by default in a future release
[[1;34mINFO[m] [1;32mTests run: [0;1;32m1[m, Failures: 0, Errors: 0, Skipped: 0, Time elapsed: 4.554 s -- in com.github.sergiooliveirabr.compilationreadinessspringboot4.[1mCompilationReadinessSpringboot4ApplicationTests[m
[[1;34mINFO[m] 
[[1;34mINFO[m] Results:
[[1;34mINFO[m] 
[[1;34mINFO[m] [1;32mTests run: 1, Failures: 0, Errors: 0, Skipped: 0[m
[[1;34mINFO[m] 
[[1;34mINFO[m] 
[[1;34mINFO[m] [1m--- [0;32mspring-boot-maven-plugin:3.5.7:process-aot[m [1m(process-aot)[m @ [36mcompilation-readiness-springboot4[0;1m ---[m

  .   ____          _            __ _ _
 /\\ / ___'_ __ _ _(_)_ __  __ _ \ \ \ \
( ( )\___ | '_ | '_| | '_ \/ _` | \ \ \ \
 \\/  ___)| |_)| | | | | || (_| |  ) ) ) )
  '  |____| .__|_| |_|_| |_\__, | / / / /
 =========|_|==============|___/=/_/_/_/

 :: Spring Boot ::                (v3.5.7)

2026-07-22T22:14:45.924Z  INFO 20614 --- [compilation-readiness-springboot4] [           main] mpilationReadinessSpringboot4Application : Starting CompilationReadinessSpringboot4Application using Java 21.0.11 with PID 20614 (/home/ubuntu/compilation-readiness-springboot4/target/classes started by ubuntu in /home/ubuntu/compilation-readiness-springboot4)
2026-07-22T22:14:45.929Z  INFO 20614 --- [compilation-readiness-springboot4] [           main] mpilationReadinessSpringboot4Application : No active profile set, falling back to 1 default profile: "default"
2026-07-22T22:14:46.890Z  INFO 20614 --- [compilation-readiness-springboot4] [           main] .s.d.r.c.RepositoryConfigurationDelegate : Bootstrapping Spring Data JPA repositories in DEFAULT mode.
2026-07-22T22:14:46.918Z  INFO 20614 --- [compilation-readiness-springboot4] [           main] .s.d.r.c.RepositoryConfigurationDelegate : Finished Spring Data repository scanning in 17 ms. Found 0 JPA repository interfaces.
[[1;34mINFO[m] 
[[1;34mINFO[m] [1m--- [0;32mmaven-jar-plugin:3.4.2:jar[m [1m(default-jar)[m @ [36mcompilation-readiness-springboot4[0;1m ---[m
[[1;34mINFO[m] Building jar: /home/ubuntu/compilation-readiness-springboot4/target/compilation-readiness-springboot4-0.0.1-SNAPSHOT.jar
[[1;34mINFO[m] 
[[1;34mINFO[m] [1m--- [0;32mspring-boot-maven-plugin:3.5.7:repackage[m [1m(repackage)[m @ [36mcompilation-readiness-springboot4[0;1m ---[m
[[1;34mINFO[m] Replacing main artifact /home/ubuntu/compilation-readiness-springboot4/target/compilation-readiness-springboot4-0.0.1-SNAPSHOT.jar with repackaged archive, adding nested dependencies in BOOT-INF/.
[[1;34mINFO[m] The original artifact has been renamed to /home/ubuntu/compilation-readiness-springboot4/target/compilation-readiness-springboot4-0.0.1-SNAPSHOT.jar.original
[[1;34mINFO[m] 
[[1;34mINFO[m] [1m<<< [0;32mnative-maven-plugin:0.10.6:compile[m [1m(default-cli)[0;1m < [0;1mpackage[m @ [36mcompilation-readiness-springboot4[0;1m <<<[m
[[1;34mINFO[m] 
[[1;34mINFO[m] 
[[1;34mINFO[m] [1m--- [0;32mnative-maven-plugin:0.10.6:compile[m [1m(default-cli)[m @ [36mcompilation-readiness-springboot4[0;1m ---[m
[[1;34mINFO[m] Found GraalVM installation from JAVA_HOME variable.
[[1;34mINFO[m] [graalvm reachability metadata repository for ch.qos.logback:logback-classic:1.5.20]: Configuration directory not found. Trying latest version.
[[1;34mINFO[m] [graalvm reachability metadata repository for ch.qos.logback:logback-classic:1.5.20]: Configuration directory is ch.qos.logback/logback-classic/1.4.9
[[1;34mINFO[m] [graalvm reachability metadata repository for com.fasterxml.jackson.core:jackson-databind:2.19.2]: Configuration directory not found. Trying latest version.
[[1;34mINFO[m] [graalvm reachability metadata repository for com.fasterxml.jackson.core:jackson-databind:2.19.2]: Configuration directory is com.fasterxml.jackson.core/jackson-databind/2.15.2
[[1;34mINFO[m] [graalvm reachability metadata repository for org.apache.tomcat.embed:tomcat-embed-core:10.1.48]: Configuration directory not found. Trying latest version.
[[1;34mINFO[m] [graalvm reachability metadata repository for org.apache.tomcat.embed:tomcat-embed-core:10.1.48]: Configuration directory is org.apache.tomcat.embed/tomcat-embed-core/10.0.20
[[1;34mINFO[m] [graalvm reachability metadata repository for com.zaxxer:HikariCP:6.3.3]: Configuration directory not found. Trying latest version.
[[1;34mINFO[m] [graalvm reachability metadata repository for com.zaxxer:HikariCP:6.3.3]: Configuration directory is com.zaxxer/HikariCP/5.0.1
[[1;34mINFO[m] [graalvm reachability metadata repository for org.hibernate.orm:hibernate-core:6.6.33.Final]: Configuration directory not found. Trying latest version.
[[1;34mINFO[m] [graalvm reachability metadata repository for org.hibernate.orm:hibernate-core:6.6.33.Final]: Configuration directory is org.hibernate.orm/hibernate-core/6.6.0.Final
[[1;34mINFO[m] [graalvm reachability metadata repository for org.jboss.logging:jboss-logging:3.6.1.Final]: Configuration directory not found. Trying latest version.
[[1;34mINFO[m] [graalvm reachability metadata repository for org.jboss.logging:jboss-logging:3.6.1.Final]: Configuration directory is org.jboss.logging/jboss-logging/3.5.0.Final
[[1;34mINFO[m] [graalvm reachability metadata repository for org.glassfish.jaxb:jaxb-runtime:4.0.6]: Configuration directory not found. Trying latest version.
[[1;34mINFO[m] [graalvm reachability metadata repository for org.glassfish.jaxb:jaxb-runtime:4.0.6]: Configuration directory is org.glassfish.jaxb/jaxb-runtime/3.0.2
[[1;34mINFO[m] [graalvm reachability metadata repository for org.hibernate.validator:hibernate-validator:8.0.3.Final]: Configuration directory not found. Trying latest version.
[[1;34mINFO[m] [graalvm reachability metadata repository for org.hibernate.validator:hibernate-validator:8.0.3.Final]: Latest version not found!
[[1;34mINFO[m] [graalvm reachability metadata repository for org.hibernate.validator:hibernate-validator:8.0.3.Final]: missing.
[[1;34mINFO[m] [graalvm reachability metadata repository for org.hibernate.validator:hibernate-validator:8.0.3.Final]: Configuration directory not found. Trying latest version.
[[1;34mINFO[m] [graalvm reachability metadata repository for org.hibernate.validator:hibernate-validator:8.0.3.Final]: Configuration directory is org.hibernate.validator/hibernate-validator/7.0.4.Final
[[1;34mINFO[m] [graalvm reachability metadata repository for com.h2database:h2:2.3.232]: Configuration directory not found. Trying latest version.
[[1;34mINFO[m] [graalvm reachability metadata repository for com.h2database:h2:2.3.232]: Configuration directory is com.h2database/h2/2.1.210
[[1;34mINFO[m] Executing: /home/ubuntu/.sdkman/candidates/java/21.0.11-graal/bin/native-image -cp /home/ubuntu/compilation-readiness-springboot4/target/classes:/home/ubuntu/.m2/repository/org/springframework/boot/spring-boot-starter-web/3.5.7/spring-boot-starter-web-3.5.7.jar:/home/ubuntu/.m2/repository/org/springframework/boot/spring-boot-starter/3.5.7/spring-boot-starter-3.5.7.jar:/home/ubuntu/.m2/repository/org/springframework/boot/spring-boot/3.5.7/spring-boot-3.5.7.jar:/home/ubuntu/.m2/repository/org/springframework/boot/spring-boot-autoconfigure/3.5.7/spring-boot-autoconfigure-3.5.7.jar:/home/ubuntu/.m2/repository/org/springframework/boot/spring-boot-starter-logging/3.5.7/spring-boot-starter-logging-3.5.7.jar:/home/ubuntu/.m2/repository/ch/qos/logback/logback-classic/1.5.20/logback-classic-1.5.20.jar:/home/ubuntu/.m2/repository/ch/qos/logback/logback-core/1.5.20/logback-core-1.5.20.jar:/home/ubuntu/.m2/repository/org/apache/logging/log4j/log4j-to-slf4j/2.24.3/log4j-to-slf4j-2.24.3.jar:/home/ubuntu/.m2/repository/org/apache/logging/log4j/log4j-api/2.24.3/log4j-api-2.24.3.jar:/home/ubuntu/.m2/repository/org/slf4j/jul-to-slf4j/2.0.17/jul-to-slf4j-2.0.17.jar:/home/ubuntu/.m2/repository/jakarta/annotation/jakarta.annotation-api/2.1.1/jakarta.annotation-api-2.1.1.jar:/home/ubuntu/.m2/repository/org/yaml/snakeyaml/2.4/snakeyaml-2.4.jar:/home/ubuntu/.m2/repository/org/springframework/boot/spring-boot-starter-json/3.5.7/spring-boot-starter-json-3.5.7.jar:/home/ubuntu/.m2/repository/com/fasterxml/jackson/core/jackson-databind/2.19.2/jackson-databind-2.19.2.jar:/home/ubuntu/.m2/repository/com/fasterxml/jackson/core/jackson-annotations/2.19.2/jackson-annotations-2.19.2.jar:/home/ubuntu/.m2/repository/com/fasterxml/jackson/core/jackson-core/2.19.2/jackson-core-2.19.2.jar:/home/ubuntu/.m2/repository/com/fasterxml/jackson/datatype/jackson-datatype-jdk8/2.19.2/jackson-datatype-jdk8-2.19.2.jar:/home/ubuntu/.m2/repository/com/fasterxml/jackson/datatype/jackson-datatype-jsr310/2.19.2/jackson-datatype-jsr310-2.19.2.jar:/home/ubuntu/.m2/repository/com/fasterxml/jackson/module/jackson-module-parameter-names/2.19.2/jackson-module-parameter-names-2.19.2.jar:/home/ubuntu/.m2/repository/org/springframework/boot/spring-boot-starter-tomcat/3.5.7/spring-boot-starter-tomcat-3.5.7.jar:/home/ubuntu/.m2/repository/org/apache/tomcat/embed/tomcat-embed-core/10.1.48/tomcat-embed-core-10.1.48.jar:/home/ubuntu/.m2/repository/org/apache/tomcat/embed/tomcat-embed-websocket/10.1.48/tomcat-embed-websocket-10.1.48.jar:/home/ubuntu/.m2/repository/org/springframework/spring-web/6.2.12/spring-web-6.2.12.jar:/home/ubuntu/.m2/repository/org/springframework/spring-beans/6.2.12/spring-beans-6.2.12.jar:/home/ubuntu/.m2/repository/io/micrometer/micrometer-observation/1.15.5/micrometer-observation-1.15.5.jar:/home/ubuntu/.m2/repository/io/micrometer/micrometer-commons/1.15.5/micrometer-commons-1.15.5.jar:/home/ubuntu/.m2/repository/org/springframework/spring-webmvc/6.2.12/spring-webmvc-6.2.12.jar:/home/ubuntu/.m2/repository/org/springframework/spring-aop/6.2.12/spring-aop-6.2.12.jar:/home/ubuntu/.m2/repository/org/springframework/spring-context/6.2.12/spring-context-6.2.12.jar:/home/ubuntu/.m2/repository/org/springframework/spring-expression/6.2.12/spring-expression-6.2.12.jar:/home/ubuntu/.m2/repository/org/springframework/boot/spring-boot-starter-data-jpa/3.5.7/spring-boot-starter-data-jpa-3.5.7.jar:/home/ubuntu/.m2/repository/org/springframework/boot/spring-boot-starter-jdbc/3.5.7/spring-boot-starter-jdbc-3.5.7.jar:/home/ubuntu/.m2/repository/com/zaxxer/HikariCP/6.3.3/HikariCP-6.3.3.jar:/home/ubuntu/.m2/repository/org/springframework/spring-jdbc/6.2.12/spring-jdbc-6.2.12.jar:/home/ubuntu/.m2/repository/org/hibernate/orm/hibernate-core/6.6.33.Final/hibernate-core-6.6.33.Final.jar:/home/ubuntu/.m2/repository/jakarta/persistence/jakarta.persistence-api/3.1.0/jakarta.persistence-api-3.1.0.jar:/home/ubuntu/.m2/repository/jakarta/transaction/jakarta.transaction-api/2.0.1/jakarta.transaction-api-2.0.1.jar:/home/ubuntu/.m2/repository/org/jboss/logging/jboss-logging/3.6.1.Final/jboss-logging-3.6.1.Final.jar:/home/ubuntu/.m2/repository/org/hibernate/common/hibernate-commons-annotations/7.0.3.Final/hibernate-commons-annotations-7.0.3.Final.jar:/home/ubuntu/.m2/repository/io/smallrye/jandex/3.2.0/jandex-3.2.0.jar:/home/ubuntu/.m2/repository/com/fasterxml/classmate/1.7.1/classmate-1.7.1.jar:/home/ubuntu/.m2/repository/net/bytebuddy/byte-buddy/1.17.8/byte-buddy-1.17.8.jar:/home/ubuntu/.m2/repository/org/glassfish/jaxb/jaxb-runtime/4.0.6/jaxb-runtime-4.0.6.jar:/home/ubuntu/.m2/repository/org/glassfish/jaxb/jaxb-core/4.0.6/jaxb-core-4.0.6.jar:/home/ubuntu/.m2/repository/org/eclipse/angus/angus-activation/2.0.3/angus-activation-2.0.3.jar:/home/ubuntu/.m2/repository/org/glassfish/jaxb/txw2/4.0.6/txw2-4.0.6.jar:/home/ubuntu/.m2/repository/com/sun/istack/istack-commons-runtime/4.1.2/istack-commons-runtime-4.1.2.jar:/home/ubuntu/.m2/repository/jakarta/inject/jakarta.inject-api/2.0.1/jakarta.inject-api-2.0.1.jar:/home/ubuntu/.m2/repository/org/antlr/antlr4-runtime/4.13.0/antlr4-runtime-4.13.0.jar:/home/ubuntu/.m2/repository/org/springframework/data/spring-data-jpa/3.5.5/spring-data-jpa-3.5.5.jar:/home/ubuntu/.m2/repository/org/springframework/data/spring-data-commons/3.5.5/spring-data-commons-3.5.5.jar:/home/ubuntu/.m2/repository/org/springframework/spring-orm/6.2.12/spring-orm-6.2.12.jar:/home/ubuntu/.m2/repository/org/springframework/spring-tx/6.2.12/spring-tx-6.2.12.jar:/home/ubuntu/.m2/repository/org/slf4j/slf4j-api/2.0.17/slf4j-api-2.0.17.jar:/home/ubuntu/.m2/repository/org/springframework/spring-aspects/6.2.12/spring-aspects-6.2.12.jar:/home/ubuntu/.m2/repository/org/aspectj/aspectjweaver/1.9.24/aspectjweaver-1.9.24.jar:/home/ubuntu/.m2/repository/org/springframework/boot/spring-boot-starter-validation/3.5.7/spring-boot-starter-validation-3.5.7.jar:/home/ubuntu/.m2/repository/org/apache/tomcat/embed/tomcat-embed-el/10.1.48/tomcat-embed-el-10.1.48.jar:/home/ubuntu/.m2/repository/org/hibernate/validator/hibernate-validator/8.0.3.Final/hibernate-validator-8.0.3.Final.jar:/home/ubuntu/.m2/repository/jakarta/validation/jakarta.validation-api/3.0.2/jakarta.validation-api-3.0.2.jar:/home/ubuntu/.m2/repository/com/h2database/h2/2.3.232/h2-2.3.232.jar:/home/ubuntu/.m2/repository/jakarta/xml/bind/jakarta.xml.bind-api/4.0.4/jakarta.xml.bind-api-4.0.4.jar:/home/ubuntu/.m2/repository/jakarta/activation/jakarta.activation-api/2.1.4/jakarta.activation-api-2.1.4.jar:/home/ubuntu/.m2/repository/org/springframework/spring-core/6.2.12/spring-core-6.2.12.jar:/home/ubuntu/.m2/repository/org/springframework/spring-jcl/6.2.12/spring-jcl-6.2.12.jar --no-fallback -o /home/ubuntu/compilation-readiness-springboot4/target/compilation-readiness-springboot4 -H:ConfigurationFileDirectories=/home/ubuntu/compilation-readiness-springboot4/target/graalvm-reachability-metadata/8857e0e05737b057ae23f46f6220ade648ff7e6e/org.glassfish.jaxb/jaxb-runtime/3.0.2,/home/ubuntu/compilation-readiness-springboot4/target/graalvm-reachability-metadata/8857e0e05737b057ae23f46f6220ade648ff7e6e/org.apache.tomcat.embed/tomcat-embed-core/10.0.20,/home/ubuntu/compilation-readiness-springboot4/target/graalvm-reachability-metadata/8857e0e05737b057ae23f46f6220ade648ff7e6e/org.hibernate.orm/hibernate-core/6.6.0.Final,/home/ubuntu/compilation-readiness-springboot4/target/graalvm-reachability-metadata/8857e0e05737b057ae23f46f6220ade648ff7e6e/org.hibernate.validator/hibernate-validator/7.0.4.Final,/home/ubuntu/compilation-readiness-springboot4/target/graalvm-reachability-metadata/8857e0e05737b057ae23f46f6220ade648ff7e6e/com.zaxxer/HikariCP/5.0.1,/home/ubuntu/compilation-readiness-springboot4/target/graalvm-reachability-metadata/8857e0e05737b057ae23f46f6220ade648ff7e6e/org.jboss.logging/jboss-logging/3.5.0.Final,/home/ubuntu/compilation-readiness-springboot4/target/graalvm-reachability-metadata/8857e0e05737b057ae23f46f6220ade648ff7e6e/ch.qos.logback/logback-classic/1.4.9,/home/ubuntu/compilation-readiness-springboot4/target/graalvm-reachability-metadata/8857e0e05737b057ae23f46f6220ade648ff7e6e/com.fasterxml.jackson.core/jackson-databind/2.15.2,/home/ubuntu/compilation-readiness-springboot4/target/graalvm-reachability-metadata/8857e0e05737b057ae23f46f6220ade648ff7e6e/com.h2database/h2/2.1.210,/home/ubuntu/compilation-readiness-springboot4/target/graalvm-reachability-metadata/8857e0e05737b057ae23f46f6220ade648ff7e6e/org.glassfish.jaxb/jaxb-runtime/3.0.2,/home/ubuntu/compilation-readiness-springboot4/target/graalvm-reachability-metadata/8857e0e05737b057ae23f46f6220ade648ff7e6e/org.apache.tomcat.embed/tomcat-embed-core/10.0.20,/home/ubuntu/compilation-readiness-springboot4/target/graalvm-reachability-metadata/8857e0e05737b057ae23f46f6220ade648ff7e6e/org.hibernate.orm/hibernate-core/6.6.0.Final,/home/ubuntu/compilation-readiness-springboot4/target/graalvm-reachability-metadata/8857e0e05737b057ae23f46f6220ade648ff7e6e/org.hibernate.validator/hibernate-validator/7.0.4.Final,/home/ubuntu/compilation-readiness-springboot4/target/graalvm-reachability-metadata/8857e0e05737b057ae23f46f6220ade648ff7e6e/com.zaxxer/HikariCP/5.0.1,/home/ubuntu/compilation-readiness-springboot4/target/graalvm-reachability-metadata/8857e0e05737b057ae23f46f6220ade648ff7e6e/org.jboss.logging/jboss-logging/3.5.0.Final,/home/ubuntu/compilation-readiness-springboot4/target/graalvm-reachability-metadata/8857e0e05737b057ae23f46f6220ade648ff7e6e/ch.qos.logback/logback-classic/1.4.9,/home/ubuntu/compilation-readiness-springboot4/target/graalvm-reachability-metadata/8857e0e05737b057ae23f46f6220ade648ff7e6e/com.fasterxml.jackson.core/jackson-databind/2.15.2,/home/ubuntu/compilation-readiness-springboot4/target/graalvm-reachability-metadata/8857e0e05737b057ae23f46f6220ade648ff7e6e/com.h2database/h2/2.1.210
Warning: The option '-H:ServiceLoaderFeatureExcludeServices=org.hibernate.bytecode.spi.BytecodeProvider' is experimental and must be enabled via '-H:+UnlockExperimentalVMOptions' in the future.
Warning: Please re-evaluate whether any experimental option is required, and either remove or unlock it. The build output lists all active experimental options, including where they come from and possible alternatives. If you think an experimental option should be considered as stable, please file an issue.
========================================================================================================================
GraalVM Native Image: Generating 'compilation-readiness-springboot4' (executable)...
========================================================================================================================
For detailed information and explanations on the build output, visit:
https://github.com/oracle/graal/blob/master/docs/reference-manual/native-image/BuildOutput.md
------------------------------------------------------------------------------------------------------------------------
[1/8] Initializing...                                                                                   (14.7s @ 0.24GB)
 Java version: 21.0.11+9-LTS, vendor version: Oracle GraalVM 21.0.11+9.1
 Graal compiler: optimization level: 2, target machine: x86-64-v3, PGO: ML-inferred
 C compiler: gcc (linux, x86_64, 13.3.0)
 Garbage collector: Serial GC (max heap size: 80% of RAM)
 3 user-specific feature(s):
 - com.oracle.svm.thirdparty.gson.GsonFeature
 - org.eclipse.angus.activation.nativeimage.AngusActivationFeature
 - org.springframework.aot.nativex.feature.PreComputeFieldFeature
------------------------------------------------------------------------------------------------------------------------
 1 experimental option(s) unlocked:
 - '-H:ServiceLoaderFeatureExcludeServices' (origin(s): 'META-INF/native-image/org.springframework/spring-orm/native-image.properties' in 'file:///home/ubuntu/.m2/repository/org/springframework/spring-orm/6.2.12/spring-orm-6.2.12.jar')
------------------------------------------------------------------------------------------------------------------------
Build resources:
 - 9.32GB of memory (60.4% of 15.42GB system memory, determined at start)
 - 4 thread(s) (100.0% of 4 available processor(s), determined at start)
SLF4J(W): No SLF4J providers were found.
SLF4J(W): Defaulting to no-operation (NOP) logger implementation
SLF4J(W): See https://www.slf4j.org/codes.html#noProviders for further details.
[2/8] Performing analysis...  [******]                                                                 (239.5s @ 3.43GB)
   34,832 reachable types   (92.5% of   37,667 total)
   54,272 reachable fields  (65.3% of   83,159 total)
  187,338 reachable methods (64.6% of  290,080 total)
   10,710 types, 1,566 fields, and 11,621 methods registered for reflection
       65 types,    66 fields, and    57 methods registered for JNI access
        4 native libraries: dl, pthread, rt, z
[3/8] Building universe...                                                                              (40.4s @ 3.99GB)
[4/8] Parsing methods...      [*********]                                                               (80.7s @ 3.26GB)
[5/8] Inlining methods...     [****]                                                                    (10.7s @ 3.61GB)
[6/8] Compiling methods...    [********************]                                                   (417.2s @ 3.97GB)
[7/8] Laying out methods...   [******]                                                                  (35.1s @ 3.94GB)
[8/8] Creating image...       [****]                                                                    (17.9s @ 5.30GB)
  94.87MB (52.83%) for code area:   111,110 compilation units
  66.76MB (37.18%) for image heap:  720,573 objects and 322 resources
  17.94MB ( 9.99%) for other data
 179.58MB in total
------------------------------------------------------------------------------------------------------------------------
Top 10 origins of code area:                                Top 10 object types in image heap:
  18.86MB hibernate-core-6.6.33.Final.jar                     28.53MB byte[] for code metadata
  17.79MB java.base                                           11.23MB byte[] for java.lang.String
   7.58MB svm.jar (Native Image)                               6.71MB java.lang.Class
   7.58MB h2-2.3.232.jar                                       5.54MB java.lang.String
   5.39MB tomcat-embed-core-10.1.48.jar                        3.01MB byte[] for general heap data
   4.84MB java.desktop                                         2.36MB byte[] for reflection metadata
   4.42MB java.xml                                             1.59MB com.oracle.svm.core.hub.DynamicHubCompanion
   2.54MB jackson-databind-2.19.2.jar                        991.41kB c.o.svm.core.hub.DynamicHub$ReflectionMetadata
   2.18MB spring-boot-3.5.7.jar                              769.48kB java.lang.String[]
   2.05MB spring-core-6.2.12.jar                             632.88kB heap alignment
  20.84MB for 118 more packages                                5.44MB for 6254 more object types
                              Use '-H:+BuildReport' to create a report with more details.
------------------------------------------------------------------------------------------------------------------------
Security report:
 - Binary includes Java deserialization.
 - Use '--enable-sbom' to embed a Software Bill of Materials (SBOM) in the binary.
------------------------------------------------------------------------------------------------------------------------
Recommendations:
 G1GC: Use the G1 GC ('--gc=G1') for improved latency and throughput.
 PGO:  Use Profile-Guided Optimizations ('--pgo') for improved throughput.
 INIT: Adopt '--strict-image-heap' to prepare for the next GraalVM release.
 AWT:  Use the tracing agent to collect metadata for AWT.
 HEAP: Set max heap for improved and more predictable memory usage.
------------------------------------------------------------------------------------------------------------------------
                      102.2s (11.9% of total time) in 286 GCs | Peak RSS: 8.26GB | CPU load: 3.75
------------------------------------------------------------------------------------------------------------------------
Produced artifacts:
 /home/ubuntu/compilation-readiness-springboot4/target/compilation-readiness-springboot4 (executable)
 /home/ubuntu/compilation-readiness-springboot4/target/libawt.so (jdk_library)
 /home/ubuntu/compilation-readiness-springboot4/target/libawt_headless.so (jdk_library)
 /home/ubuntu/compilation-readiness-springboot4/target/libawt_xawt.so (jdk_library)
 /home/ubuntu/compilation-readiness-springboot4/target/libfontmanager.so (jdk_library)
 /home/ubuntu/compilation-readiness-springboot4/target/libjava.so (jdk_library_shim)
 /home/ubuntu/compilation-readiness-springboot4/target/libjavajpeg.so (jdk_library)
 /home/ubuntu/compilation-readiness-springboot4/target/libjvm.so (jdk_library_shim)
 /home/ubuntu/compilation-readiness-springboot4/target/liblcms.so (jdk_library)
========================================================================================================================
Finished generating 'compilation-readiness-springboot4' in 14m 18s.
[[1;34mINFO[m] [1m------------------------------------------------------------------------[m
[[1;34mINFO[m] [1;32mBUILD SUCCESS[m
[[1;34mINFO[m] [1m------------------------------------------------------------------------[m
[[1;34mINFO[m] Total time:  14:35 min
[[1;34mINFO[m] Finished at: 2026-07-22T22:29:13Z
[[1;34mINFO[m] [1m------------------------------------------------------------------------[m
